as_code/app/build/outputs/logs/manifest-merger-devtest-debug-report.txt
-- Merging decision tree log ---
meta-data#CHANNEL
INJECTED from src\main\AndroidManifest.xml:107:9-109:48
	android:value
		INJECTED from src\main\AndroidManifest.xml
		ADDED from src\main\AndroidManifest.xml:109:13-45
	android:name
		ADDED from src\main\AndroidManifest.xml:108:13-35
provider#android.support.v4.content.FileProvider
INJECTED from src\main\AndroidManifest.xml:315:9-323:20
	android:grantUriPermissions
		ADDED from src\main\AndroidManifest.xml:319:13-47
	android:authorities
		INJECTED from src\main\AndroidManifest.xml
		ADDED from src\main\AndroidManifest.xml:317:13-72
	android:exported
		ADDED from src\main\AndroidManifest.xml:318:13-37
	android:name
		ADDED from src\main\AndroidManifest.xml:316:13-67
manifest
ADDED from src\main\AndroidManifest.xml:2:1-373:12
INJECTED from src\main\AndroidManifest.xml:2:1-373:12
INJECTED from src\main\AndroidManifest.xml:2:1-373:12
INJECTED from src\main\AndroidManifest.xml:2:1-373:12
MERGED from [com.android.support:multidex:1.0.3] AndroidManifest.xml:17:1-22:12
MERGED from [com.android.support.constraint:constraint-layout:1.1.0] AndroidManifest.xml:2:1-11:12
MERGED from [:sub_utils] AndroidManifest.xml:2:1-21:12
MERGED from [BCAXCOWidget.aar] AndroidManifest.xml:2:1-19:12
MERGED from [com.flyco.tablayout:FlycoTabLayout_Lib:2.1.2] AndroidManifest.xml:2:1-12:12
MERGED from [com.scwang.smartrefresh:SmartRefreshLayout:1.1.0-alpha-13] AndroidManifest.xml:2:1-17:12
MERGED from [com.android.support:design:27.1.1] AndroidManifest.xml:17:1-22:12
MERGED from [com.android.support:appcompat-v7:27.1.1] AndroidManifest.xml:17:1-22:12
MERGED from [com.android.support:recyclerview-v7:27.1.1] AndroidManifest.xml:17:1-22:12
MERGED from [com.github.bumptech.glide:glide:4.6.1] AndroidManifest.xml:2:1-13:12
MERGED from [com.google.android.gms:play-services-base:16.0.1] AndroidManifest.xml:17:1-29:12
MERGED from [com.google.android.gms:play-services-tasks:16.0.1] AndroidManifest.xml:2:1-9:12
MERGED from [com.google.android.gms:play-services-basement:16.0.1] AndroidManifest.xml:17:1-28:12
MERGED from [com.android.support:support-v4:27.1.1] AndroidManifest.xml:17:1-22:12
MERGED from [com.android.support:transition:27.1.1] AndroidManifest.xml:17:1-22:12
MERGED from [com.github.bumptech.glide:gifdecoder:4.6.1] AndroidManifest.xml:2:1-11:12
MERGED from [com.android.support:support-fragment:27.1.1] AndroidManifest.xml:17:1-22:12
MERGED from [com.android.support:animated-vector-drawable:27.1.1] AndroidManifest.xml:17:1-22:12
MERGED from [com.android.support:support-core-ui:27.1.1] AndroidManifest.xml:17:1-22:12
MERGED from [com.android.support:support-core-utils:27.1.1] AndroidManifest.xml:17:1-22:12
MERGED from [com.android.support:support-vector-drawable:27.1.1] AndroidManifest.xml:17:1-22:12
MERGED from [com.android.support:support-media-compat:27.1.1] AndroidManifest.xml:17:1-22:12
MERGED from [com.android.support:support-compat:27.1.1] AndroidManifest.xml:17:1-22:12
MERGED from [android.arch.lifecycle:runtime:1.1.0] AndroidManifest.xml:17:1-22:12
MERGED from [android.arch.lifecycle:livedata-core:1.1.0] AndroidManifest.xml:17:1-22:12
MERGED from [android.arch.core:runtime:1.1.0] AndroidManifest.xml:17:1-22:12
MERGED from [android.arch.lifecycle:viewmodel:1.1.0] AndroidManifest.xml:17:1-22:12
INJECTED from src\main\AndroidManifest.xml:2:1-373:12
INJECTED from src\main\AndroidManifest.xml:2:1-373:12
INJECTED from src\main\AndroidManifest.xml:2:1-373:12
	package
		ADDED from src\main\AndroidManifest.xml:4:5-30
		INJECTED from src\main\AndroidManifest.xml
		INJECTED from src\main\AndroidManifest.xml
	android:versionName
		INJECTED from src\main\AndroidManifest.xml
		ADDED from src\main\AndroidManifest.xml:2:1-373:12
		INJECTED from src\main\AndroidManifest.xml
	xmlns:tools
		ADDED from src\main\AndroidManifest.xml:3:5-51
	android:versionCode
		INJECTED from src\main\AndroidManifest.xml
		ADDED from src\main\AndroidManifest.xml:2:1-373:12
		INJECTED from src\main\AndroidManifest.xml
	xmlns:android
		ADDED from src\main\AndroidManifest.xml:2:11-69
uses-permission#android.permission.BLUETOOTH
ADDED from src\main\AndroidManifest.xml:6:5-68
	android:name
		ADDED from src\main\AndroidManifest.xml:6:22-65
uses-permission#android.permission.INTERNET
ADDED from src\main\AndroidManifest.xml:7:5-67
	android:name
		ADDED from src\main\AndroidManifest.xml:7:22-64
uses-permission#android.permission.ACCESS_NETWORK_STATE
ADDED from src\main\AndroidManifest.xml:8:5-79
	android:name
		ADDED from src\main\AndroidManifest.xml:8:22-76
uses-permission#android.permission.CHANGE_NETWORK_STATE
ADDED from src\main\AndroidManifest.xml:9:5-79
	android:name
		ADDED from src\main\AndroidManifest.xml:9:22-76
uses-permission#android.permission.READ_PHONE_STATE
ADDED from src\main\AndroidManifest.xml:10:5-75
	android:name
		ADDED from src\main\AndroidManifest.xml:10:22-72
uses-permission#android.permission.ACCESS_WIFI_STATE
ADDED from src\main\AndroidManifest.xml:11:5-76
	android:name
		ADDED from src\main\AndroidManifest.xml:11:22-73
uses-permission#android.permission.WRITE_EXTERNAL_STORAGE
ADDED from src\main\AndroidManifest.xml:12:5-81
	android:name
		ADDED from src\main\AndroidManifest.xml:12:22-78
uses-permission#android.permission.READ_EXTERNAL_STORAGE
ADDED from src\main\AndroidManifest.xml:13:5-80
	android:name
		ADDED from src\main\AndroidManifest.xml:13:22-77
uses-permission#android.permission.CAMERA
ADDED from src\main\AndroidManifest.xml:14:5-65
	android:name
		ADDED from src\main\AndroidManifest.xml:14:22-62
uses-permission#android.permission.VIBRATE
ADDED from src\main\AndroidManifest.xml:15:5-66
	android:name
		ADDED from src\main\AndroidManifest.xml:15:22-63
uses-permission#android.permission.ACCESS_COARSE_LOCATION
ADDED from src\main\AndroidManifest.xml:17:5-97
	android:name
		ADDED from src\main\AndroidManifest.xml:17:22-78
uses-permission#android.permission.ACCESS_FINE_LOCATION
ADDED from src\main\AndroidManifest.xml:19:5-95
	android:name
		ADDED from src\main\AndroidManifest.xml:19:22-76
uses-permission#android.permission.CHANGE_WIFI_STATE
ADDED from src\main\AndroidManifest.xml:21:5-92
	android:name
		ADDED from src\main\AndroidManifest.xml:21:22-73
uses-feature#android.hardware.camera
ADDED from src\main\AndroidManifest.xml:23:5-25:36
	android:required
		ADDED from src\main\AndroidManifest.xml:25:9-33
	android:name
		ADDED from src\main\AndroidManifest.xml:24:9-47
uses-feature#android.hardware.camera.autofocus
ADDED from src\main\AndroidManifest.xml:26:5-28:36
	android:required
		ADDED from src\main\AndroidManifest.xml:28:9-33
	android:name
		ADDED from src\main\AndroidManifest.xml:27:9-57
application
ADDED from src\main\AndroidManifest.xml:30:5-371:19
MERGED from [com.android.support.constraint:constraint-layout:1.1.0] AndroidManifest.xml:9:5-20
MERGED from [com.android.support.constraint:constraint-layout:1.1.0] AndroidManifest.xml:9:5-20
MERGED from [:sub_utils] AndroidManifest.xml:16:5-19:19
MERGED from [:sub_utils] AndroidManifest.xml:16:5-19:19
MERGED from [BCAXCOWidget.aar] AndroidManifest.xml:11:5-17:19
MERGED from [BCAXCOWidget.aar] AndroidManifest.xml:11:5-17:19
MERGED from [com.scwang.smartrefresh:SmartRefreshLayout:1.1.0-alpha-13] AndroidManifest.xml:11:5-15:19
MERGED from [com.scwang.smartrefresh:SmartRefreshLayout:1.1.0-alpha-13] AndroidManifest.xml:11:5-15:19
MERGED from [com.github.bumptech.glide:glide:4.6.1] AndroidManifest.xml:11:5-20
MERGED from [com.github.bumptech.glide:glide:4.6.1] AndroidManifest.xml:11:5-20
MERGED from [com.google.android.gms:play-services-base:16.0.1] AndroidManifest.xml:22:5-27:19
MERGED from [com.google.android.gms:play-services-base:16.0.1] AndroidManifest.xml:22:5-27:19
MERGED from [com.google.android.gms:play-services-tasks:16.0.1] AndroidManifest.xml:7:5-20
MERGED from [com.google.android.gms:play-services-tasks:16.0.1] AndroidManifest.xml:7:5-20
MERGED from [com.google.android.gms:play-services-basement:16.0.1] AndroidManifest.xml:22:5-26:19
MERGED from [com.google.android.gms:play-services-basement:16.0.1] AndroidManifest.xml:22:5-26:19
MERGED from [com.github.bumptech.glide:gifdecoder:4.6.1] AndroidManifest.xml:9:5-20
MERGED from [com.github.bumptech.glide:gifdecoder:4.6.1] AndroidManifest.xml:9:5-20
	android:supportsRtl
		ADDED from [:sub_utils] AndroidManifest.xml:18:9-35
	android:label
		ADDED from src\main\AndroidManifest.xml:34:9-41
	android:resizeableActivity
		ADDED from src\main\AndroidManifest.xml:35:9-43
	tools:ignore
		ADDED from src\main\AndroidManifest.xml:37:9-48
	android:icon
		ADDED from src\main\AndroidManifest.xml:33:9-40
	android:allowBackup
		ADDED from src\main\AndroidManifest.xml:32:9-36
	android:theme
		ADDED from src\main\AndroidManifest.xml:36:9-46
	android:name
		ADDED from src\main\AndroidManifest.xml:31:9-42
meta-data#com.baidu.lbsapi.API_KEY
ADDED from src\main\AndroidManifest.xml:40:9-43:21
	android:value
		ADDED from src\main\AndroidManifest.xml:42:13-61
	android:name
		ADDED from src\main\AndroidManifest.xml:41:13-52
service#com.baidu.location.f
ADDED from src\main\AndroidManifest.xml:46:9-114
	android:process
		ADDED from src\main\AndroidManifest.xml:46:77-102
	android:enabled
		ADDED from src\main\AndroidManifest.xml:46:54-76
	android:name
		ADDED from src\main\AndroidManifest.xml:46:18-53
activity#com.ahdi.wallet.app.ui.aaaa.LoginActivity2
ADDED from src\main\AndroidManifest.xml:51:9-54:70
	android:screenOrientation
		ADDED from src\main\AndroidManifest.xml:53:13-49
	android:windowSoftInputMode
		ADDED from src\main\AndroidManifest.xml:54:13-67
	android:name
		ADDED from src\main\AndroidManifest.xml:52:13-70
activity#com.ahdi.wallet.app.ui.aaaa.ServiceDetailsActivity2
ADDED from src\main\AndroidManifest.xml:55:9-58:70
	android:screenOrientation
		ADDED from src\main\AndroidManifest.xml:57:13-49
	android:windowSoftInputMode
		ADDED from src\main\AndroidManifest.xml:58:13-67
	android:name
		ADDED from src\main\AndroidManifest.xml:56:13-79
activity#com.ahdi.wallet.app.ui.activities.SplashActivity
ADDED from src\main\AndroidManifest.xml:60:9-68:20
	android:screenOrientation
		ADDED from src\main\AndroidManifest.xml:62:13-49
	android:theme
		ADDED from src\main\AndroidManifest.xml:63:13-49
	android:name
		ADDED from src\main\AndroidManifest.xml:61:13-61
intent-filter#action:name:android.intent.action.MAIN+category:name:android.intent.category.LAUNCHER
ADDED from src\main\AndroidManifest.xml:64:13-67:29
action#android.intent.action.MAIN
ADDED from src\main\AndroidManifest.xml:65:17-69
	android:name
		ADDED from src\main\AndroidManifest.xml:65:25-66
category#android.intent.category.LAUNCHER
ADDED from src\main\AndroidManifest.xml:66:17-77
	android:name
		ADDED from src\main\AndroidManifest.xml:66:27-74
activity#com.ahdi.wallet.app.ui.activities.login.LoginActivity
ADDED from src\main\AndroidManifest.xml:69:9-72:70
	android:screenOrientation
		ADDED from src\main\AndroidManifest.xml:71:13-49
	android:windowSoftInputMode
		ADDED from src\main\AndroidManifest.xml:72:13-67
	android:name
		ADDED from src\main\AndroidManifest.xml:70:13-66
activity#com.ahdi.wallet.app.ui.activities.AppMainActivity
ADDED from src\main\AndroidManifest.xml:73:9-77:70
	android:screenOrientation
		ADDED from src\main\AndroidManifest.xml:75:13-49
	android:windowSoftInputMode
		ADDED from src\main\AndroidManifest.xml:77:13-67
	android:theme
		ADDED from src\main\AndroidManifest.xml:76:13-44
	android:name
		ADDED from src\main\AndroidManifest.xml:74:13-62
activity#com.ahdi.wallet.module.QRCode.ui.activities.PayQRCodeActivity
ADDED from src\main\AndroidManifest.xml:78:9-80:52
	android:screenOrientation
		ADDED from src\main\AndroidManifest.xml:80:13-49
	android:name
		ADDED from src\main\AndroidManifest.xml:79:13-74
activity#com.ahdi.wallet.module.QRCode.ui.activities.ReceiveSetAmountActivity
ADDED from src\main\AndroidManifest.xml:81:9-84:67
	android:screenOrientation
		ADDED from src\main\AndroidManifest.xml:83:13-49
	android:theme
		ADDED from src\main\AndroidManifest.xml:84:13-64
	android:name
		ADDED from src\main\AndroidManifest.xml:82:13-81
receiver#com.ahdi.wallet.receiver.ReceiverObtainIID
ADDED from src\main\AndroidManifest.xml:87:9-91:20
	android:name
		ADDED from src\main\AndroidManifest.xml:87:19-61
intent-filter#action:name:action_qrindo.lib.obtainIID.RECEIVE
ADDED from src\main\AndroidManifest.xml:88:13-90:29
action#action_qrindo.lib.obtainIID.RECEIVE
ADDED from src\main\AndroidManifest.xml:89:17-78
	android:name
		ADDED from src\main\AndroidManifest.xml:89:25-75
receiver#com.ahdi.wallet.receiver.ReceiverPushMsg
ADDED from src\main\AndroidManifest.xml:94:9-98:20
	android:name
		ADDED from src\main\AndroidManifest.xml:94:19-59
intent-filter#action:name:action_qrindo.lib.PushMsg.RECEIVE
ADDED from src\main\AndroidManifest.xml:95:13-97:29
action#action_qrindo.lib.PushMsg.RECEIVE
ADDED from src\main\AndroidManifest.xml:96:17-76
	android:name
		ADDED from src\main\AndroidManifest.xml:96:25-73
activity#com.ahdi.wallet.app.ui.activities.other.EndingScanCopyActivity
ADDED from src\main\AndroidManifest.xml:100:9-102:52
	android:screenOrientation
		ADDED from src\main\AndroidManifest.xml:102:13-49
	android:name
		ADDED from src\main\AndroidManifest.xml:101:13-75
activity#com.ahdi.wallet.app.ui.activities.scanMerchant.EndingScanWebActivity
ADDED from src\main\AndroidManifest.xml:103:9-105:52
	android:screenOrientation
		ADDED from src\main\AndroidManifest.xml:105:13-49
	android:name
		ADDED from src\main\AndroidManifest.xml:104:13-81
activity#com.ahdi.wallet.app.ui.activities.poi.PoiSearchActivity
ADDED from src\main\AndroidManifest.xml:112:9-114:52
	android:screenOrientation
		ADDED from src\main\AndroidManifest.xml:114:13-49
	android:name
		ADDED from src\main\AndroidManifest.xml:113:13-68
receiver#com.ahdi.wallet.receiver.ReceiverNotification
ADDED from src\main\AndroidManifest.xml:117:9-67
	android:name
		ADDED from src\main\AndroidManifest.xml:117:19-64
activity#com.ahdi.wallet.app.ui.activities.loginPwd.ForgetPwdActivity
ADDED from src\main\AndroidManifest.xml:119:9-121:52
	android:screenOrientation
		ADDED from src\main\AndroidManifest.xml:121:13-49
	android:name
		ADDED from src\main\AndroidManifest.xml:120:13-73
activity#com.ahdi.wallet.app.ui.activities.signup.SignUpActivity
ADDED from src\main\AndroidManifest.xml:122:9-125:70
	android:screenOrientation
		ADDED from src\main\AndroidManifest.xml:124:13-49
	android:windowSoftInputMode
		ADDED from src\main\AndroidManifest.xml:125:13-67
	android:name
		ADDED from src\main\AndroidManifest.xml:123:13-68
activity#com.ahdi.wallet.app.ui.activities.signup.SigupVerifyCodeActivity
ADDED from src\main\AndroidManifest.xml:126:9-128:52
	android:screenOrientation
		ADDED from src\main\AndroidManifest.xml:128:13-49
	android:name
		ADDED from src\main\AndroidManifest.xml:127:13-77
activity#com.ahdi.wallet.app.ui.activities.login.LoginVerifyCodeActivity
ADDED from src\main\AndroidManifest.xml:129:9-131:52
	android:screenOrientation
		ADDED from src\main\AndroidManifest.xml:131:13-49
	android:name
		ADDED from src\main\AndroidManifest.xml:130:13-76
activity#com.ahdi.wallet.app.ui.activities.signup.SetLoginPwdActivity
ADDED from src\main\AndroidManifest.xml:132:9-135:70
	android:screenOrientation
		ADDED from src\main\AndroidManifest.xml:134:13-49
	android:windowSoftInputMode
		ADDED from src\main\AndroidManifest.xml:135:13-67
	android:name
		ADDED from src\main\AndroidManifest.xml:133:13-73
activity#com.ahdi.wallet.module.QRCode.ui.activities.ReceiveActivity
ADDED from src\main\AndroidManifest.xml:136:9-138:52
	android:screenOrientation
		ADDED from src\main\AndroidManifest.xml:138:13-49
	android:name
		ADDED from src\main\AndroidManifest.xml:137:13-72
activity#com.ahdi.wallet.app.ui.activities.balance.BalanceActivity
ADDED from src\main\AndroidManifest.xml:139:9-141:52
	android:screenOrientation
		ADDED from src\main\AndroidManifest.xml:141:13-49
	android:name
		ADDED from src\main\AndroidManifest.xml:140:13-70
activity#com.ahdi.wallet.module.payment.withdraw.ui.activities.EndingWithdrawActivity
ADDED from src\main\AndroidManifest.xml:142:9-144:52
	android:screenOrientation
		ADDED from src\main\AndroidManifest.xml:144:13-49
	android:name
		ADDED from src\main\AndroidManifest.xml:143:13-89
activity#com.ahdi.wallet.app.ui.activities.msg.MessageActivity
ADDED from src\main\AndroidManifest.xml:145:9-147:52
	android:screenOrientation
		ADDED from src\main\AndroidManifest.xml:147:13-49
	android:name
		ADDED from src\main\AndroidManifest.xml:146:13-66
activity#com.ahdi.wallet.module.QRCode.ui.activities.EndingPayCodeActivity
ADDED from src\main\AndroidManifest.xml:148:9-150:52
	android:screenOrientation
		ADDED from src\main\AndroidManifest.xml:150:13-49
	android:name
		ADDED from src\main\AndroidManifest.xml:149:13-78
activity#com.ahdi.wallet.module.payment.transfer.ui.activities.TransPayConfirmActivity
ADDED from src\main\AndroidManifest.xml:151:9-154:70
	android:screenOrientation
		ADDED from src\main\AndroidManifest.xml:153:13-49
	android:windowSoftInputMode
		ADDED from src\main\AndroidManifest.xml:154:13-67
	android:name
		ADDED from src\main\AndroidManifest.xml:152:13-90
activity#com.ahdi.wallet.module.payment.transfer.ui.activities.TransferMainActivity
ADDED from src\main\AndroidManifest.xml:155:9-157:52
	android:screenOrientation
		ADDED from src\main\AndroidManifest.xml:157:13-49
	android:name
		ADDED from src\main\AndroidManifest.xml:156:13-87
activity#com.ahdi.wallet.module.payment.withdraw.ui.activities.WithdrawActivity
ADDED from src\main\AndroidManifest.xml:158:9-160:52
	android:screenOrientation
		ADDED from src\main\AndroidManifest.xml:160:13-49
	android:name
		ADDED from src\main\AndroidManifest.xml:159:13-83
activity#com.ahdi.wallet.module.payment.topup.ui.activities.TopUpActivity
ADDED from src\main\AndroidManifest.xml:161:9-163:52
	android:screenOrientation
		ADDED from src\main\AndroidManifest.xml:163:13-49
	android:name
		ADDED from src\main\AndroidManifest.xml:162:13-77
activity#com.ahdi.wallet.module.payment.topup.ui.activities.TopUpInputAmountActivity
ADDED from src\main\AndroidManifest.xml:164:9-166:52
	android:screenOrientation
		ADDED from src\main\AndroidManifest.xml:166:13-49
	android:name
		ADDED from src\main\AndroidManifest.xml:165:13-88
activity#com.ahdi.wallet.app.ui.activities.bankCard.BankCardsActivity
ADDED from src\main\AndroidManifest.xml:167:9-169:52
	android:screenOrientation
		ADDED from src\main\AndroidManifest.xml:169:13-49
	android:name
		ADDED from src\main\AndroidManifest.xml:168:13-73
activity#com.ahdi.wallet.app.ui.activities.bankCard.BankCardDetailsActivity
ADDED from src\main\AndroidManifest.xml:170:9-172:52
	android:screenOrientation
		ADDED from src\main\AndroidManifest.xml:172:13-49
	android:name
		ADDED from src\main\AndroidManifest.xml:171:13-79
activity#com.ahdi.wallet.app.ui.activities.bankCard.BindCardTypeActivity
ADDED from src\main\AndroidManifest.xml:173:9-175:52
	android:screenOrientation
		ADDED from src\main\AndroidManifest.xml:175:13-49
	android:name
		ADDED from src\main\AndroidManifest.xml:174:13-76
activity#com.ahdi.wallet.app.ui.activities.bankAccount.BankAccountActivity
ADDED from src\main\AndroidManifest.xml:176:9-178:52
	android:screenOrientation
		ADDED from src\main\AndroidManifest.xml:178:13-49
	android:name
		ADDED from src\main\AndroidManifest.xml:177:13-78
activity#com.ahdi.wallet.app.ui.activities.bankAccount.ManageBankAccountActivity
ADDED from src\main\AndroidManifest.xml:179:9-181:52
	android:screenOrientation
		ADDED from src\main\AndroidManifest.xml:181:13-49
	android:name
		ADDED from src\main\AndroidManifest.xml:180:13-84
activity#com.ahdi.wallet.module.payment.transfer.ui.activities.EndingTransferActivity
ADDED from src\main\AndroidManifest.xml:182:9-184:52
	android:screenOrientation
		ADDED from src\main\AndroidManifest.xml:184:13-49
	android:name
		ADDED from src\main\AndroidManifest.xml:183:13-89
activity#com.ahdi.wallet.app.ui.activities.payPwd.PayPwdGuideSetActivity
ADDED from src\main\AndroidManifest.xml:185:9-187:52
	android:screenOrientation
		ADDED from src\main\AndroidManifest.xml:187:13-49
	android:name
		ADDED from src\main\AndroidManifest.xml:186:13-76
activity#com.ahdi.wallet.app.ui.activities.payPwd.PayPwdModifyActivity
ADDED from src\main\AndroidManifest.xml:188:9-190:52
	android:screenOrientation
		ADDED from src\main\AndroidManifest.xml:190:13-49
	android:name
		ADDED from src\main\AndroidManifest.xml:189:13-74
activity#com.ahdi.wallet.zbar.CaptureActivity
ADDED from src\main\AndroidManifest.xml:191:9-193:52
	android:screenOrientation
		ADDED from src\main\AndroidManifest.xml:193:13-49
	android:name
		ADDED from src\main\AndroidManifest.xml:192:13-49
activity#com.ahdi.wallet.app.ui.activities.other.SettingsActivity
ADDED from src\main\AndroidManifest.xml:194:9-196:52
	android:screenOrientation
		ADDED from src\main\AndroidManifest.xml:196:13-49
	android:name
		ADDED from src\main\AndroidManifest.xml:195:13-69
activity#com.ahdi.wallet.module.payment.withdraw.ui.activities.SelectWDAccountActivity
ADDED from src\main\AndroidManifest.xml:197:9-199:52
	android:screenOrientation
		ADDED from src\main\AndroidManifest.xml:199:13-49
	android:name
		ADDED from src\main\AndroidManifest.xml:198:13-90
activity#com.ahdi.wallet.module.payment.topup.ui.activities.EndingRechrActivity
ADDED from src\main\AndroidManifest.xml:200:9-202:52
	android:screenOrientation
		ADDED from src\main\AndroidManifest.xml:202:13-49
	android:name
		ADDED from src\main\AndroidManifest.xml:201:13-83
activity#com.ahdi.wallet.app.ui.activities.bankAccount.AddBankAccountActivity
ADDED from src\main\AndroidManifest.xml:203:9-205:52
	android:screenOrientation
		ADDED from src\main\AndroidManifest.xml:205:13-49
	android:name
		ADDED from src\main\AndroidManifest.xml:204:13-81
activity#com.ahdi.wallet.app.ui.activities.bankAccount.SelectBankActivity
ADDED from src\main\AndroidManifest.xml:206:9-208:52
	android:screenOrientation
		ADDED from src\main\AndroidManifest.xml:208:13-49
	android:name
		ADDED from src\main\AndroidManifest.xml:207:13-77
activity#com.ahdi.wallet.app.ui.activities.bankAccount.EndingBindAccountActivity
ADDED from src\main\AndroidManifest.xml:209:9-211:52
	android:screenOrientation
		ADDED from src\main\AndroidManifest.xml:211:13-49
	android:name
		ADDED from src\main\AndroidManifest.xml:210:13-84
activity#com.ahdi.wallet.app.ui.activities.bankAccount.BankAccountEnterPwdActivity
ADDED from src\main\AndroidManifest.xml:212:9-214:52
	android:screenOrientation
		ADDED from src\main\AndroidManifest.xml:214:13-49
	android:name
		ADDED from src\main\AndroidManifest.xml:213:13-86
activity#com.ahdi.wallet.module.QRCode.ui.activities.PayCodeVerifyPINActivity
ADDED from src\main\AndroidManifest.xml:216:9-219:67
	android:screenOrientation
		ADDED from src\main\AndroidManifest.xml:218:13-49
	android:theme
		ADDED from src\main\AndroidManifest.xml:219:13-64
	android:name
		ADDED from src\main\AndroidManifest.xml:217:13-81
activity#com.ahdi.wallet.module.QRCode.ui.activities.PayCodeBcaOTPActivity
ADDED from src\main\AndroidManifest.xml:221:9-225:70
	android:screenOrientation
		ADDED from src\main\AndroidManifest.xml:223:13-49
	android:windowSoftInputMode
		ADDED from src\main\AndroidManifest.xml:225:13-67
	android:theme
		ADDED from src\main\AndroidManifest.xml:224:13-64
	android:name
		ADDED from src\main\AndroidManifest.xml:222:13-78
activity#com.ahdi.wallet.cashier.ui.activities.PayHubActivity
ADDED from src\main\AndroidManifest.xml:228:9-231:50
	android:screenOrientation
		ADDED from src\main\AndroidManifest.xml:230:13-49
	android:theme
		ADDED from src\main\AndroidManifest.xml:231:13-47
	android:name
		ADDED from src\main\AndroidManifest.xml:229:13-65
activity#com.ahdi.wallet.cashier.ui.activities.PayModeSelectActivity
ADDED from src\main\AndroidManifest.xml:232:9-235:50
	android:screenOrientation
		ADDED from src\main\AndroidManifest.xml:234:13-49
	android:theme
		ADDED from src\main\AndroidManifest.xml:235:13-47
	android:name
		ADDED from src\main\AndroidManifest.xml:233:13-72
activity#com.ahdi.wallet.cashier.ui.activities.PayVerifyPINActivity
ADDED from src\main\AndroidManifest.xml:236:9-239:50
	android:screenOrientation
		ADDED from src\main\AndroidManifest.xml:238:13-49
	android:theme
		ADDED from src\main\AndroidManifest.xml:239:13-47
	android:name
		ADDED from src\main\AndroidManifest.xml:237:13-71
activity#com.ahdi.wallet.cashier.ui.activities.PayhubBcaOTPActivity
ADDED from src\main\AndroidManifest.xml:240:9-244:70
	android:screenOrientation
		ADDED from src\main\AndroidManifest.xml:242:13-49
	android:windowSoftInputMode
		ADDED from src\main\AndroidManifest.xml:244:13-67
	android:theme
		ADDED from src\main\AndroidManifest.xml:243:13-47
	android:name
		ADDED from src\main\AndroidManifest.xml:241:13-71
activity#com.ahdi.wallet.app.ui.activities.bankCard.BankCardPayWebActivity
ADDED from src\main\AndroidManifest.xml:248:9-250:52
	android:screenOrientation
		ADDED from src\main\AndroidManifest.xml:250:13-49
	android:name
		ADDED from src\main\AndroidManifest.xml:249:13-78
activity#com.ahdi.wallet.app.ui.activities.bankCard.BankCardEnterPwdActivity
ADDED from src\main\AndroidManifest.xml:251:9-253:52
	android:screenOrientation
		ADDED from src\main\AndroidManifest.xml:253:13-49
	android:name
		ADDED from src\main\AndroidManifest.xml:252:13-80
activity#com.ahdi.wallet.app.ui.activities.other.CheckPayPwdActivity
ADDED from src\main\AndroidManifest.xml:254:9-256:52
	android:screenOrientation
		ADDED from src\main\AndroidManifest.xml:256:13-49
	android:name
		ADDED from src\main\AndroidManifest.xml:255:13-72
activity#com.ahdi.wallet.app.ui.activities.transList.TransListActivity
ADDED from src\main\AndroidManifest.xml:257:9-259:52
	android:screenOrientation
		ADDED from src\main\AndroidManifest.xml:259:13-49
	android:name
		ADDED from src\main\AndroidManifest.xml:258:13-74
activity#com.ahdi.lib.utils.takephoto.activity.TakePhotoActivity
ADDED from src\main\AndroidManifest.xml:260:9-262:52
	android:screenOrientation
		ADDED from src\main\AndroidManifest.xml:262:13-49
	android:name
		ADDED from src\main\AndroidManifest.xml:261:13-83
activity#com.ahdi.lib.utils.takephoto.activity.TakePhotoResultActivity
ADDED from src\main\AndroidManifest.xml:263:9-265:52
	android:screenOrientation
		ADDED from src\main\AndroidManifest.xml:265:13-49
	android:name
		ADDED from src\main\AndroidManifest.xml:264:13-89
activity#com.ahdi.wallet.app.ui.activities.IDAuth.IDAuthActivity
ADDED from src\main\AndroidManifest.xml:266:9-269:70
	android:screenOrientation
		ADDED from src\main\AndroidManifest.xml:268:13-49
	android:windowSoftInputMode
		ADDED from src\main\AndroidManifest.xml:269:13-67
	android:name
		ADDED from src\main\AndroidManifest.xml:267:13-68
activity#com.ahdi.wallet.app.ui.activities.IDAuth.EndingIDVerifyActivity
ADDED from src\main\AndroidManifest.xml:270:9-272:52
	android:screenOrientation
		ADDED from src\main\AndroidManifest.xml:272:13-49
	android:name
		ADDED from src\main\AndroidManifest.xml:271:13-76
activity#com.ahdi.wallet.app.ui.activities.IDAuth.IdInfoActivity
ADDED from src\main\AndroidManifest.xml:273:9-275:52
	android:screenOrientation
		ADDED from src\main\AndroidManifest.xml:275:13-49
	android:name
		ADDED from src\main\AndroidManifest.xml:274:13-68
activity#com.ahdi.wallet.app.ui.activities.userInfo.ProfileActivity
ADDED from src\main\AndroidManifest.xml:276:9-278:52
	android:screenOrientation
		ADDED from src\main\AndroidManifest.xml:278:13-49
	android:name
		ADDED from src\main\AndroidManifest.xml:277:13-71
activity#com.ahdi.wallet.app.ui.activities.userInfo.ModifyUserInfoActivity
ADDED from src\main\AndroidManifest.xml:279:9-282:57
	android:screenOrientation
		ADDED from src\main\AndroidManifest.xml:281:13-49
	android:windowSoftInputMode
		ADDED from src\main\AndroidManifest.xml:282:13-54
	android:name
		ADDED from src\main\AndroidManifest.xml:280:13-78
activity#com.ahdi.lib.utils.takephoto.activity.PhotoMangerActivity
ADDED from src\main\AndroidManifest.xml:284:9-287:50
	android:screenOrientation
		ADDED from src\main\AndroidManifest.xml:286:13-49
	android:theme
		ADDED from src\main\AndroidManifest.xml:287:13-47
	android:name
		ADDED from src\main\AndroidManifest.xml:285:13-85
activity#com.ahdi.lib.utils.base.WebCommonActivity
ADDED from src\main\AndroidManifest.xml:289:9-291:52
	android:screenOrientation
		ADDED from src\main\AndroidManifest.xml:291:13-49
	android:name
		ADDED from src\main\AndroidManifest.xml:290:13-69
activity#com.ahdi.wallet.app.ui.activities.other.AboutActivity
ADDED from src\main\AndroidManifest.xml:293:9-295:52
	android:screenOrientation
		ADDED from src\main\AndroidManifest.xml:295:13-49
	android:name
		ADDED from src\main\AndroidManifest.xml:294:13-66
activity#com.ahdi.wallet.app.ui.activities.loginPwd.ResetLoginPwdActivity
ADDED from src\main\AndroidManifest.xml:296:9-298:52
	android:screenOrientation
		ADDED from src\main\AndroidManifest.xml:298:13-49
	android:name
		ADDED from src\main\AndroidManifest.xml:297:13-77
activity#com.ahdi.wallet.app.ui.activities.loginPwd.NewLoginPwdActivity
ADDED from src\main\AndroidManifest.xml:299:9-301:52
	android:screenOrientation
		ADDED from src\main\AndroidManifest.xml:301:13-49
	android:name
		ADDED from src\main\AndroidManifest.xml:300:13-75
activity#com.ahdi.wallet.app.ui.activities.loginPwd.ConfirmLoginPwdActivity
ADDED from src\main\AndroidManifest.xml:302:9-304:52
	android:screenOrientation
		ADDED from src\main\AndroidManifest.xml:304:13-49
	android:name
		ADDED from src\main\AndroidManifest.xml:303:13-79
activity#com.ahdi.wallet.app.ui.activities.loginPwd.ForgetPwdVerifyActivity
ADDED from src\main\AndroidManifest.xml:306:9-308:52
	android:screenOrientation
		ADDED from src\main\AndroidManifest.xml:308:13-49
	android:name
		ADDED from src\main\AndroidManifest.xml:307:13-79
activity#com.ahdi.wallet.app.ui.activities.payPwd.ForgetPayPwdVerifyActivity
ADDED from src\main\AndroidManifest.xml:310:9-312:52
	android:screenOrientation